<?xml version="1.0" encoding="UTF-8"?>
<!-- Generated by org.testng.reporters.JUnitXMLReporter -->
<testsuite ignored="0" hostname="LTIN269428" failures="3" tests="13" name="ChromeTest" time="57.207" errors="0" timestamp="2024-02-28T20:20:16 IST">
  <testcase classname="testNG.testCase.Finding_Docs" name="checkPage" time="1.333">
    <failure type="java.lang.NullPointerException" message="Cannot invoke &amp;quot;org.openqa.selenium.SearchContext.findElement(org.openqa.selenium.By)&amp;quot; because &amp;quot;this.searchContext&amp;quot; is null">
      <![CDATA[java.lang.NullPointerException: Cannot invoke "org.openqa.selenium.SearchContext.findElement(org.openqa.selenium.By)" because "this.searchContext" is null
at org.openqa.selenium.support.pagefactory.DefaultElementLocator.findElement(DefaultElementLocator.java:68)
at org.openqa.selenium.support.pagefactory.internal.LocatingElementHandler.invoke(LocatingElementHandler.java:38)
at jdk.proxy2/jdk.proxy2.$Proxy14.isDisplayed(Unknown Source)
at pageObjects.POM_getDocs.pageLogo(POM_getDocs.java:45)
at testNG.testCase.Finding_Docs.checkPage(Finding_Docs.java:62)
at java.base/java.util.ArrayList.forEach(ArrayList.java:1511)
at java.base/java.util.concurrent.FutureTask.run(FutureTask.java:264)
at java.base/java.util.concurrent.ThreadPoolExecutor.runWorker(ThreadPoolExecutor.java:1136)
at java.base/java.util.concurrent.ThreadPoolExecutor$Worker.run(ThreadPoolExecutor.java:635)
at java.base/java.lang.Thread.run(Thread.java:833)
... Removed 18 stack frames]]>
    </failure>
  </testcase> <!-- checkPage -->
  <testcase classname="testNG.testCase.Finding_Docs" name="enterFields" time="0.0">
    <skipped/>
  </testcase> <!-- enterFields -->
  <testcase classname="testNG.testCase.Finding_Docs" name="applyFilters" time="0.0">
    <skipped/>
  </testcase> <!-- applyFilters -->
  <testcase classname="testNG.testCase.Finding_Docs" name="displayDocs" time="0.0">
    <skipped/>
  </testcase> <!-- displayDocs -->
  <testcase classname="testNG.testCase.GetSurgeries" name="navToSurgery" time="0.009">
    <failure type="java.lang.NullPointerException" message="Cannot invoke &amp;quot;org.openqa.selenium.SearchContext.findElement(org.openqa.selenium.By)&amp;quot; because &amp;quot;this.searchContext&amp;quot; is null">
      <![CDATA[java.lang.NullPointerException: Cannot invoke "org.openqa.selenium.SearchContext.findElement(org.openqa.selenium.By)" because "this.searchContext" is null
at org.openqa.selenium.support.pagefactory.DefaultElementLocator.findElement(DefaultElementLocator.java:68)
at org.openqa.selenium.support.pagefactory.internal.LocatingElementHandler.invoke(LocatingElementHandler.java:38)
at jdk.proxy2/jdk.proxy2.$Proxy14.click(Unknown Source)
at pageObjects.POM_Surgeries.selectSurgery(POM_Surgeries.java:26)
at testNG.testCase.GetSurgeries.navToSurgery(GetSurgeries.java:19)
at java.base/java.util.ArrayList.forEach(ArrayList.java:1511)
at java.base/java.util.concurrent.FutureTask.run(FutureTask.java:264)
at java.base/java.util.concurrent.ThreadPoolExecutor.runWorker(ThreadPoolExecutor.java:1136)
at java.base/java.util.concurrent.ThreadPoolExecutor$Worker.run(ThreadPoolExecutor.java:635)
at java.base/java.lang.Thread.run(Thread.java:833)
... Removed 18 stack frames]]>
    </failure>
  </testcase> <!-- navToSurgery -->
  <testcase classname="testNG.testCase.GetSurgeries" name="scroll" time="0.0">
    <skipped/>
  </testcase> <!-- scroll -->
  <testcase classname="testNG.testCase.GetSurgeries" name="printSurgeries" time="0.0">
    <skipped/>
  </testcase> <!-- printSurgeries -->
  <testcase classname="testNG.testCase.InvalidBooking" name="navToHWP" time="3.01">
    <failure type="java.lang.NullPointerException" message="Cannot invoke &amp;quot;org.openqa.selenium.SearchContext.findElement(org.openqa.selenium.By)&amp;quot; because &amp;quot;this.searchContext&amp;quot; is null">
      <![CDATA[java.lang.NullPointerException: Cannot invoke "org.openqa.selenium.SearchContext.findElement(org.openqa.selenium.By)" because "this.searchContext" is null
at org.openqa.selenium.support.pagefactory.DefaultElementLocator.findElement(DefaultElementLocator.java:68)
at org.openqa.selenium.support.pagefactory.internal.LocatingElementHandler.invoke(LocatingElementHandler.java:38)
at jdk.proxy2/jdk.proxy2.$Proxy14.click(Unknown Source)
at pageObjects.POM_DemoBooking.forCorp(POM_DemoBooking.java:33)
at testNG.testCase.InvalidBooking.navToHWP(InvalidBooking.java:21)
at java.base/java.util.ArrayList.forEach(ArrayList.java:1511)
at java.base/java.util.concurrent.FutureTask.run(FutureTask.java:264)
at java.base/java.util.concurrent.ThreadPoolExecutor.runWorker(ThreadPoolExecutor.java:1136)
at java.base/java.util.concurrent.ThreadPoolExecutor$Worker.run(ThreadPoolExecutor.java:635)
at java.base/java.lang.Thread.run(Thread.java:833)
... Removed 18 stack frames]]>
    </failure>
  </testcase> <!-- navToHWP -->
  <testcase classname="testNG.testCase.InvalidBooking" name="enterFormDetails" time="0.0">
    <skipped/>
  </testcase> <!-- enterFormDetails -->
  <testcase classname="testNG.testCase.ValidBooking" name="userInHWP" time="0.0">
    <skipped/>
  </testcase> <!-- userInHWP -->
  <testcase classname="testNG.testCase.ValidBooking" name="validEmail" time="0.0">
    <skipped/>
  </testcase> <!-- validEmail -->
  <testcase classname="testNG.testCase.ValidBooking" name="book" time="0.0">
    <skipped/>
  </testcase> <!-- book -->
  <testcase classname="testNG.testCase.ValidBooking" name="thankYou" time="0.0">
    <skipped/>
  </testcase> <!-- thankYou -->
</testsuite> <!-- ChromeTest -->
